npm verbose cli C:\Program Files\nodejs\node.exe C:\Program Files\nodejs\node_modules\npm\bin\npm-cli.js
npm info using npm@11.6.2
npm info using node@v24.13.0
npm verbose title npm install
npm verbose argv "install" "--loglevel" "verbose"
npm verbose logfile logs-max:10 dir:C:\Users\grace\AppData\Local\npm-cache\_logs\2026-04-01T10_52_05_794Z-
npm verbose logfile C:\Users\grace\AppData\Local\npm-cache\_logs\2026-04-01T10_52_05_794Z-debug-0.log
npm http fetch GET 200 https://registry.npmjs.org/@tailwindcss%2foxide-darwin-x64 7042ms (cache miss)
npm http fetch GET 200 https://registry.npmjs.org/@tailwindcss%2foxide-darwin-arm64 2574ms (cache miss)
npm http fetch GET 200 https://registry.npmjs.org/@tailwindcss%2foxide-freebsd-x64 2777ms (cache miss)
npm http fetch GET 200 https://registry.npmjs.org/@tailwindcss%2foxide-linux-arm64-gnu 2642ms (cache miss)
npm http fetch GET 200 https://registry.npmjs.org/@tailwindcss%2foxide-linux-x64-gnu 2548ms (cache miss)
npm http fetch GET 200 https://registry.npmjs.org/@tailwindcss%2foxide-android-arm64 1495ms (cache miss)
npm http fetch GET 200 https://registry.npmjs.org/@tailwindcss%2foxide-linux-arm64-musl 2298ms (cache miss)
npm http fetch GET 200 https://registry.npmjs.org/@tailwindcss%2foxide-linux-x64-musl 2380ms (cache miss)
npm http fetch GET 200 https://registry.npmjs.org/@tailwindcss%2foxide-win32-arm64-msvc 1380ms (cache miss)
npm http fetch GET 200 https://registry.npmjs.org/@tailwindcss%2foxide-linux-arm-gnueabihf 2272ms (cache miss)
npm http fetch GET 200 https://registry.npmjs.org/@tailwindcss%2foxide-wasm32-wasi 1111ms (cache miss)
npm http fetch GET 200 https://registry.npmjs.org/lightningcss-darwin-x64 1453ms (cache miss)
npm http fetch GET 200 https://registry.npmjs.org/lightningcss-linux-x64-gnu 347ms (cache miss)
npm http fetch GET 200 https://registry.npmjs.org/lightningcss-win32-arm64-msvc 486ms (cache miss)
npm http fetch GET 200 https://registry.npmjs.org/lightningcss-darwin-arm64 370ms (cache miss)
npm http fetch GET 200 https://registry.npmjs.org/lightningcss-linux-arm64-gnu 1277ms (cache miss)
npm http fetch GET 200 https://registry.npmjs.org/lightningcss-linux-arm-gnueabihf 1249ms (cache miss)
npm http fetch GET 200 https://registry.npmjs.org/lightningcss-linux-arm64-musl 1303ms (cache miss)
npm http fetch GET 200 https://registry.npmjs.org/lightningcss-linux-x64-musl 1242ms (cache miss)
npm http fetch GET 200 https://registry.npmjs.org/lightningcss-freebsd-x64 753ms (cache miss)
npm http fetch GET 200 https://registry.npmjs.org/lightningcss-android-arm64 373ms (cache miss)
npm http fetch GET 200 https://registry.npmjs.org/@next%2fswc-darwin-arm64 37377ms (cache miss)
npm http fetch GET 200 https://registry.npmjs.org/@next%2fswc-darwin-x64 29586ms (cache miss)
npm http fetch GET 200 https://registry.npmjs.org/@next%2fswc-linux-arm64-gnu 12650ms (cache miss)
npm http fetch GET 200 https://registry.npmjs.org/@next%2fswc-linux-arm64-musl 8312ms (cache miss)
npm http fetch GET 200 https://registry.npmjs.org/@next%2fswc-linux-x64-gnu 8695ms (cache miss)
npm http fetch GET 200 https://registry.npmjs.org/@next%2fswc-linux-x64-musl 8844ms (cache miss)
npm http fetch GET 200 https://registry.npmjs.org/@next%2fswc-win32-arm64-msvc 8414ms (cache miss)
npm http fetch GET 200 https://registry.npmjs.org/@rolldown%2fbinding-darwin-x64 754ms (cache revalidated)
npm http fetch GET 200 https://registry.npmjs.org/@rolldown%2fbinding-linux-x64-gnu 260ms (cache revalidated)
npm http fetch GET 200 https://registry.npmjs.org/@rolldown%2fbinding-linux-x64-musl 450ms (cache revalidated)
npm http fetch GET 200 https://registry.npmjs.org/@rolldown%2fbinding-freebsd-x64 255ms (cache revalidated)
npm http fetch GET 200 https://registry.npmjs.org/@rolldown%2fbinding-linux-arm-gnueabihf 313ms (cache revalidated)
npm http fetch GET 200 https://registry.npmjs.org/@rolldown%2fbinding-linux-arm64-gnu 376ms (cache revalidated)
npm http fetch GET 200 https://registry.npmjs.org/@rolldown%2fbinding-darwin-arm64 441ms (cache revalidated)
npm http fetch GET 200 https://registry.npmjs.org/@rolldown%2fbinding-linux-arm64-musl 247ms (cache revalidated)
npm http fetch GET 200 https://registry.npmjs.org/@rolldown%2fbinding-openharmony-arm64 290ms (cache revalidated)
npm http fetch GET 200 https://registry.npmjs.org/@rolldown%2fbinding-win32-arm64-msvc 304ms (cache revalidated)
npm http fetch GET 200 https://registry.npmjs.org/@rolldown%2fbinding-android-arm64 272ms (cache revalidated)
npm http fetch GET 200 https://registry.npmjs.org/@rolldown%2fbinding-wasm32-wasi 742ms (cache revalidated)
npm http fetch GET 200 https://registry.npmjs.org/@rolldown%2fbinding-linux-s390x-gnu 267ms (cache miss)
npm http fetch GET 200 https://registry.npmjs.org/@rolldown%2fbinding-linux-ppc64-gnu 277ms (cache miss)
npm http fetch GET 200 https://registry.npmjs.org/@napi-rs%2fwasm-runtime 247ms (cache revalidated)
npm http fetch GET 200 https://registry.npmjs.org/@emnapi%2fcore 279ms (cache revalidated)
npm http fetch GET 200 https://registry.npmjs.org/@emnapi%2fruntime 719ms (cache revalidated)
npm http fetch GET 200 https://registry.npmjs.org/@img%2fsharp-darwin-arm64 372ms (cache miss)
npm http fetch GET 200 https://registry.npmjs.org/@img%2fsharp-darwin-x64 725ms (cache miss)
npm http fetch GET 200 https://registry.npmjs.org/@img%2fsharp-libvips-darwin-arm64 2506ms (cache miss)
npm http fetch GET 200 https://registry.npmjs.org/@img%2fsharp-libvips-darwin-x64 1296ms (cache miss)
npm http fetch GET 200 https://registry.npmjs.org/@img%2fsharp-libvips-linux-arm 1365ms (cache miss)
npm http fetch GET 200 https://registry.npmjs.org/@img%2fsharp-libvips-linux-arm64 1290ms (cache miss)
npm http fetch GET 200 https://registry.npmjs.org/@img%2fsharp-libvips-linux-ppc64 860ms (cache miss)
npm http fetch GET 200 https://registry.npmjs.org/@img%2fsharp-libvips-linux-riscv64 503ms (cache miss)
npm http fetch GET 200 https://registry.npmjs.org/@img%2fsharp-libvips-linux-s390x 816ms (cache miss)
npm http fetch GET 200 https://registry.npmjs.org/@img%2fsharp-libvips-linux-x64 1637ms (cache miss)
npm http fetch GET 200 https://registry.npmjs.org/@img%2fsharp-libvips-linuxmusl-arm64 828ms (cache miss)
npm http fetch GET 200 https://registry.npmjs.org/@img%2fsharp-libvips-linuxmusl-x64 1425ms (cache miss)
npm http fetch GET 200 https://registry.npmjs.org/@img%2fsharp-linux-arm 1788ms (cache miss)
npm http fetch GET 200 https://registry.npmjs.org/@img%2fsharp-linux-arm64 859ms (cache miss)
npm http fetch GET 200 https://registry.npmjs.org/@img%2fsharp-linux-ppc64 610ms (cache miss)
npm http fetch GET 200 https://registry.npmjs.org/@img%2fsharp-linux-riscv64 412ms (cache miss)
npm http fetch GET 200 https://registry.npmjs.org/@img%2fsharp-linux-s390x 788ms (cache miss)
npm http fetch GET 200 https://registry.npmjs.org/@img%2fsharp-linux-x64 931ms (cache miss)
npm http fetch GET 200 https://registry.npmjs.org/@img%2fsharp-linuxmusl-arm64 680ms (cache miss)
npm http fetch GET 200 https://registry.npmjs.org/@img%2fsharp-linuxmusl-x64 1311ms (cache miss)
npm http fetch GET 200 https://registry.npmjs.org/@img%2fsharp-wasm32 608ms (cache miss)
npm http fetch GET 200 https://registry.npmjs.org/@img%2fsharp-win32-arm64 388ms (cache miss)
npm http fetch GET 200 https://registry.npmjs.org/@img%2fsharp-win32-ia32 823ms (cache miss)
npm http fetch GET 200 https://registry.npmjs.org/@unrs%2fresolver-binding-win32-arm64-msvc 615ms (cache miss)
npm http fetch GET 200 https://registry.npmjs.org/@unrs%2fresolver-binding-win32-ia32-msvc 1246ms (cache miss)
npm http fetch GET 200 https://registry.npmjs.org/@unrs%2fresolver-binding-linux-x64-gnu 730ms (cache miss)
npm http fetch GET 200 https://registry.npmjs.org/@unrs%2fresolver-binding-linux-x64-musl 646ms (cache miss)
npm http fetch GET 200 https://registry.npmjs.org/@unrs%2fresolver-binding-freebsd-x64 644ms (cache miss)
npm http fetch GET 200 https://registry.npmjs.org/@unrs%2fresolver-binding-android-arm64 311ms (cache miss)
npm http fetch GET 200 https://registry.npmjs.org/@unrs%2fresolver-binding-linux-arm64-gnu 677ms (cache miss)
npm http fetch GET 200 https://registry.npmjs.org/@unrs%2fresolver-binding-linux-arm64-musl 645ms (cache miss)
npm http fetch GET 200 https://registry.npmjs.org/@unrs%2fresolver-binding-android-arm-eabi 3769ms (cache miss)
npm http fetch GET 200 https://registry.npmjs.org/@unrs%2fresolver-binding-linux-arm-gnueabihf 862ms (cache miss)
npm http fetch GET 200 https://registry.npmjs.org/@unrs%2fresolver-binding-linux-arm-musleabihf 763ms (cache miss)
npm http fetch GET 200 https://registry.npmjs.org/@unrs%2fresolver-binding-linux-ppc64-gnu 760ms (cache miss)
npm http fetch GET 200 https://registry.npmjs.org/@unrs%2fresolver-binding-linux-riscv64-gnu 552ms (cache miss)
npm http fetch GET 200 https://registry.npmjs.org/@unrs%2fresolver-binding-linux-riscv64-musl 442ms (cache miss)
npm http fetch GET 200 https://registry.npmjs.org/@unrs%2fresolver-binding-linux-s390x-gnu 724ms (cache miss)
npm http fetch GET 200 https://registry.npmjs.org/@unrs%2fresolver-binding-darwin-x64 957ms (cache miss)
npm http fetch GET 200 https://registry.npmjs.org/@unrs%2fresolver-binding-darwin-arm64 797ms (cache miss)
npm http fetch GET 200 https://registry.npmjs.org/@unrs%2fresolver-binding-wasm32-wasi 900ms (cache miss)
npm http fetch GET 200 https://registry.npmjs.org/fsevents 254ms (cache revalidated)
npm http cache @napi-rs/wasm-runtime@https://registry.npmjs.org/@napi-rs/wasm-runtime/-/wasm-runtime-1.1.2.tgz 0ms (cache hit)
npm http fetch GET 200 https://registry.npmjs.org/loose-envify 1012ms (cache miss)
npm http fetch GET 200 https://registry.npmjs.org/nypm 1031ms (cache miss)
npm http fetch GET 200 https://registry.npmjs.org/why-is-node-running 1039ms (cache miss)
npm http cache https://registry.npmjs.org/loose-envify/-/loose-envify-1.4.0.tgz 30ms (cache hit)
npm http cache https://registry.npmjs.org/nypm/-/nypm-0.6.5.tgz 33ms (cache hit)
npm http cache https://registry.npmjs.org/why-is-node-running/-/why-is-node-running-2.3.0.tgz 29ms (cache hit)
npm http fetch GET 200 https://registry.npmjs.org/jsesc 1096ms (cache miss)
npm http cache https://registry.npmjs.org/jsesc/-/jsesc-3.1.0.tgz 33ms (cache hit)
npm http fetch GET 200 https://registry.npmjs.org/napi-postinstall 1193ms (cache miss)
npm http fetch POST 200 https://registry.npmjs.org/-/npm/v1/security/advisories/bulk 1242ms
npm http cache https://registry.npmjs.org/napi-postinstall/-/napi-postinstall-0.3.4.tgz 42ms (cache hit)
npm http fetch GET 200 https://registry.npmjs.org/baseline-browser-mapping 1324ms (cache miss)
npm http cache https://registry.npmjs.org/baseline-browser-mapping/-/baseline-browser-mapping-2.10.10.tgz 14ms (cache hit)
npm http fetch GET 200 https://registry.npmjs.org/@electric-sql%2fpglite-socket 1489ms (cache miss)
npm http fetch GET 200 https://registry.npmjs.org/json5 1478ms (cache miss)
npm http cache https://registry.npmjs.org/json5/-/json5-1.0.2.tgz 56ms (cache hit)
npm http fetch GET 200 https://registry.npmjs.org/jiti 1543ms (cache miss)
npm http fetch GET 200 https://registry.npmjs.org/update-browserslist-db 1567ms (cache miss)
npm http fetch GET 200 https://registry.npmjs.org/json5 1565ms (cache miss)
npm http fetch GET 200 https://registry.npmjs.org/nanoid 1581ms (cache miss)
npm http cache https://registry.npmjs.org/jiti/-/jiti-2.6.1.tgz 40ms (cache hit)
npm http cache https://registry.npmjs.org/update-browserslist-db/-/update-browserslist-db-1.2.3.tgz 45ms (cache hit)
npm http cache https://registry.npmjs.org/json5/-/json5-2.2.3.tgz 42ms (cache hit)
npm http cache https://registry.npmjs.org/nanoid/-/nanoid-3.3.11.tgz 28ms (cache hit)
npm http fetch GET 200 https://registry.npmjs.org/prisma 1716ms (cache revalidated)
npm http fetch GET 200 https://registry.npmjs.org/resolve 1874ms (cache miss)
npm http cache https://registry.npmjs.org/resolve/-/resolve-2.0.0-next.6.tgz 30ms (cache hit)
npm http cache https://registry.npmjs.org/prisma/-/prisma-7.5.0.tgz 247ms (cache hit)
npm http fetch GET 200 https://registry.npmjs.org/semver 2129ms (cache miss)
npm http cache https://registry.npmjs.org/semver/-/semver-7.7.4.tgz 8ms (cache hit)
npm http fetch GET 200 https://registry.npmjs.org/@babel%2fparser 2361ms (cache miss)
npm http fetch GET 200 https://registry.npmjs.org/js-yaml 2377ms (cache miss)
npm http cache https://registry.npmjs.org/js-yaml/-/js-yaml-4.1.1.tgz 8ms (cache hit)
npm http fetch GET 200 https://registry.npmjs.org/semver 2575ms (cache miss)
npm http cache https://registry.npmjs.org/semver/-/semver-6.3.1.tgz 8ms (cache hit)
npm http fetch GET 200 https://registry.npmjs.org/semver 2841ms (cache miss)
npm http cache https://registry.npmjs.org/semver/-/semver-6.3.1.tgz 9ms (cache hit)
npm http fetch GET 200 https://registry.npmjs.org/which 2903ms (cache miss)
npm http cache https://registry.npmjs.org/which/-/which-2.0.2.tgz 12ms (cache hit)
npm http fetch GET 200 https://registry.npmjs.org/semver 3086ms (cache miss)
npm http cache https://registry.npmjs.org/semver/-/semver-6.3.1.tgz 11ms (cache hit)
npm http fetch GET 200 https://registry.npmjs.org/browserslist 3106ms (cache miss)
npm http fetch GET 200 https://registry.npmjs.org/acorn 3122ms (cache miss)
npm http cache https://registry.npmjs.org/browserslist/-/browserslist-4.28.1.tgz 20ms (cache hit)
npm http cache https://registry.npmjs.org/acorn/-/acorn-8.16.0.tgz 15ms (cache hit)
npm http fetch GET 200 https://registry.npmjs.org/lodash 1986ms (cache revalidated)
npm http fetch GET 200 https://registry.npmjs.org/giget 3296ms (cache miss)
npm http cache https://registry.npmjs.org/giget/-/giget-2.0.0.tgz 6ms (cache hit)
npm http fetch GET 200 https://registry.npmjs.org/eslint 3544ms (cache miss)
npm http fetch GET 200 https://registry.npmjs.org/vitest 3576ms (cache miss)
npm http cache https://registry.npmjs.org/eslint/-/eslint-9.39.4.tgz 66ms (cache hit)
npm http fetch GET 200 https://registry.npmjs.org/brace-expansion 2410ms (cache revalidated)
npm http fetch GET 200 https://registry.npmjs.org/@hono%2fnode-server 2409ms (cache revalidated)
npm http fetch GET 200 https://registry.npmjs.org/hono 2414ms (cache revalidated)
npm http fetch GET 200 https://registry.npmjs.org/effect 2435ms (cache revalidated)
npm http fetch GET 200 https://registry.npmjs.org/@electric-sql/pglite-socket/-/pglite-socket-0.0.20.tgz 2192ms (cache revalidated)
npm http cache https://registry.npmjs.org/vitest/-/vitest-4.1.2.tgz 109ms (cache hit)
npm http fetch GET 200 https://registry.npmjs.org/semver 3684ms (cache miss)
npm http fetch GET 200 https://registry.npmjs.org/rolldown 3721ms (cache miss)
npm http cache https://registry.npmjs.org/semver/-/semver-6.3.1.tgz 34ms (cache hit)
npm http cache https://registry.npmjs.org/rolldown/-/rolldown-1.0.0-rc.12.tgz 33ms (cache hit)
npm http fetch GET 200 https://registry.npmjs.org/@babel/parser/-/parser-7.29.2.tgz 1445ms (cache revalidated)
npm http fetch GET 200 https://registry.npmjs.org/semver 3824ms (cache miss)
npm http fetch GET 200 https://registry.npmjs.org/minimatch 294ms (cache revalidated)
npm http cache https://registry.npmjs.org/semver/-/semver-6.3.1.tgz 55ms (cache hit)
npm http fetch GET 200 https://registry.npmjs.org/@chevrotain%2fcst-dts-gen 305ms (cache revalidated)
npm http fetch GET 200 https://registry.npmjs.org/resolve 4570ms (cache miss)
npm http cache https://registry.npmjs.org/resolve/-/resolve-1.22.11.tgz 13ms (cache hit)
npm http fetch GET 200 https://registry.npmjs.org/chevrotain 1015ms (cache revalidated)
npm http fetch GET 200 https://registry.npmjs.org/autoprefixer 5044ms (cache miss)
npm http cache https://registry.npmjs.org/autoprefixer/-/autoprefixer-10.4.27.tgz 11ms (cache hit)
npm http fetch GET 200 https://registry.npmjs.org/@chevrotain%2fgast 1126ms (cache revalidated)
npm http fetch GET 200 https://registry.npmjs.org/@prisma%2fconfig 266ms (cache revalidated)
npm http fetch GET 200 https://registry.npmjs.org/@prisma%2fdev 447ms (cache revalidated)
npm http fetch GET 200 https://registry.npmjs.org/@mrleebo%2fprisma-ast 372ms (cache revalidated)
npm http cache https://registry.npmjs.org/prisma 57ms (cache hit)
npm http fetch GET 200 https://registry.npmjs.org/vite 7117ms (cache miss)
npm http cache https://registry.npmjs.org/vite/-/vite-8.0.3.tgz 20ms (cache hit)
npm http fetch GET 200 https://registry.npmjs.org/@prisma%2fclient 371ms (cache revalidated)
npm http fetch GET 200 https://registry.npmjs.org/typescript 14266ms (cache miss)
npm http cache https://registry.npmjs.org/typescript/-/typescript-5.7.3.tgz 82ms (cache hit)
npm http fetch GET 200 https://registry.npmjs.org/next 15549ms (cache miss)
npm http cache https://registry.npmjs.org/next/-/next-16.2.0.tgz 670ms (cache hit)
npm info run prisma@7.5.0 preinstall node_modules/prisma node scripts/preinstall-entry.js
npm info run prisma@7.5.0 preinstall { code: 0, signal: null }

> ghostledger@0.1.0 postinstall
> prisma generate

node:internal/modules/cjs/loader:1424
  throw err;
  ^

Error: Cannot find module '@prisma/engines'
Require stack:
- C:\Users\grace\Documents\GhostLedger\node_modules\prisma\build\index.js
    at Module._resolveFilename (node:internal/modules/cjs/loader:1421:15)
    at defaultResolveImpl (node:internal/modules/cjs/loader:1059:19)
    at resolveForCJSWithHooks (node:internal/modules/cjs/loader:1064:22)
    at Module._load (node:internal/modules/cjs/loader:1227:37)
    at TracingChannel.traceSync (node:diagnostics_channel:328:14)
    at wrapModuleLoad (node:internal/modules/cjs/loader:245:24)
    at Module.require (node:internal/modules/cjs/loader:1504:12)
    at require (node:internal/modules/helpers:152:16)
    at Object.<anonymous> (C:\Users\grace\Documents\GhostLedger\node_modules\prisma\build\index.js:163:33277)
    at Module._compile (node:internal/modules/cjs/loader:1761:14) {
  code: 'MODULE_NOT_FOUND',
  requireStack: [
    'C:\\Users\\grace\\Documents\\GhostLedger\\node_modules\\prisma\\build\\index.js'
  ]
}

Node.js v24.13.0
npm verbose stack Error: command failed
npm verbose stack     at promiseSpawn (C:\Program Files\nodejs\node_modules\npm\node_modules\@npmcli\promise-spawn\lib\index.js:22:22)
npm verbose stack     at spawnWithShell (C:\Program Files\nodejs\node_modules\npm\node_modules\@npmcli\promise-spawn\lib\index.js:124:10)
npm verbose stack     at promiseSpawn (C:\Program Files\nodejs\node_modules\npm\node_modules\@npmcli\promise-spawn\lib\index.js:12:12)
npm verbose stack     at runScriptPkg (C:\Program Files\nodejs\node_modules\npm\node_modules\@npmcli\run-script\lib\run-script-pkg.js:79:13)
npm verbose stack     at runScript (C:\Program Files\nodejs\node_modules\npm\node_modules\@npmcli\run-script\lib\run-script.js:12:10)
npm verbose stack     at async Install.exec (C:\Program Files\nodejs\node_modules\npm\lib\commands\install.js:163:9)
npm verbose stack     at async Npm.exec (C:\Program Files\nodejs\node_modules\npm\lib\npm.js:208:9)
npm verbose stack     at async module.exports (C:\Program Files\nodejs\node_modules\npm\lib\cli\entry.js:67:5)
npm verbose pkgid ghostledger@0.1.0
npm error code 1
npm error path C:\Users\grace\Documents\GhostLedger
npm error command failed
npm error command C:\WINDOWS\system32\cmd.exe /d /s /c prisma generate
npm verbose cwd C:\Users\grace\Documents\GhostLedger
npm verbose os Windows_NT 10.0.26200
npm verbose node v24.13.0
npm verbose npm  v11.6.2
npm verbose exit 1
npm verbose code 1
npm error A complete log of this run can be found in: C:\Users\grace\AppData\Local\npm-cache\_logs\2026-04-01T10_52_05_794Z-debug-0.log
